Build started 28/04/2015 10:13:02 p.m..
Project "C:\Users\aspire\Documents\Proyecto\Game.vcxproj" on node 2 (Build target(s)).
C:\Program Files (x86)\MSBuild\Microsoft.Cpp\v4.0\V120\Microsoft.CppBuild.targets(364,5): warning MSB8004: Output Directory does not end with a trailing slash.  This build instance will add the slash as it is required to allow proper evaluation of the Output Directory.
ClCompile:
  C:\Program Files (x86)\Microsoft Visual Studio 12.0\VC\bin\CL.exe /c /IC:\Users\aspire\Documents\Proyecto\\..\Librerias\sdl2\include /ZI /nologo /W3 /WX- /Od /Oy- /D USING_OPENGL /D _MBCS /D _MBCS /Gm /EHsc /RTC1 /MDd /GS /fp:precise /Zc:wchar_t /Zc:forScope /Fo"Debug\\" /Fd"Debug\vc120.pdb" /Gd /TP /analyze- /errorReport:prompt ..\Source\main.cpp ..\Source\Game.cpp ..\Source\Nave.cpp ..\Source\OpegGLImplement.cpp ..\Source\Sprite.cpp ..\Source\SpriteDef.cpp ..\Source\Stage.cpp
  Stage.cpp
c1xx : fatal error C1083: Cannot open source file: '..\Source\Stage.cpp': No such file or directory
  SpriteDef.cpp
c1xx : fatal error C1083: Cannot open source file: '..\Source\SpriteDef.cpp': No such file or directory
  Sprite.cpp
c1xx : fatal error C1083: Cannot open source file: '..\Source\Sprite.cpp': No such file or directory
  OpegGLImplement.cpp
c1xx : fatal error C1083: Cannot open source file: '..\Source\OpegGLImplement.cpp': No such file or directory
  Nave.cpp
c1xx : fatal error C1083: Cannot open source file: '..\Source\Nave.cpp': No such file or directory
  Game.cpp
c1xx : fatal error C1083: Cannot open source file: '..\Source\Game.cpp': No such file or directory
  main.cpp
c1xx : fatal error C1083: Cannot open source file: '..\Source\main.cpp': No such file or directory
  Generating Code...
Done Building Project "C:\Users\aspire\Documents\Proyecto\Game.vcxproj" (Build target(s)) -- FAILED.

Build FAILED.

Time Elapsed 00:00:02.89
